<?xml version="1.0" encoding="UTF-8"?>
<!-- Generated by org.testng.reporters.JUnitXMLReporter -->
<testsuite hostname="Pk" ignored="0" name="BackgroundTest" tests="2" failures="0" timestamp="22 апр 2017 12:42:13 GMT" time="64.781" errors="0">
  <testcase name="backgroundImageTest" time="16.905" classname="com.klindziuk.protesting.BackgroundTest"/>
  <testcase name="FacebookMessage" time="35.335" classname="com.klindziuk.protesting.ProtestingFacebookMessage"/>
</testsuite> <!-- BackgroundTest -->
