<?xml version="1.0" encoding="UTF-8"?>
<!-- Generated by org.testng.reporters.JUnitXMLReporter -->
<testsuite hostname="Pk" ignored="0" name="BackgroundTest" tests="2" failures="0" timestamp="23 апр 2017 17:35:49 GMT" time="76.189" errors="0">
  <testcase name="backgroundImageTest" time="19.419" classname="com.klindziuk.protesting.BackgroundTest"/>
  <testcase name="FacebookMessage" time="45.759" classname="com.klindziuk.protesting.ProtestingFacebookMessage"/>
</testsuite> <!-- BackgroundTest -->
