<?xml version="1.0" encoding="UTF-8"?>
<testng-results skipped="0" failed="0" total="2" passed="2">
  <reporter-output>
  </reporter-output>
  <suite name="Suite" duration-ms="69517" started-at="2017-04-24T09:05:18Z" finished-at="2017-04-24T09:06:28Z">
    <groups>
    </groups>
    <test name="BackgroundTest" duration-ms="69517" started-at="2017-04-24T09:05:18Z" finished-at="2017-04-24T09:06:28Z">
      <class name="com.klindziuk.protesting.BackgroundTest">
        <test-method status="PASS" signature="beforeSuite()[pri:0, instance:com.klindziuk.protesting.BackgroundTest@edf4efb]" name="beforeSuite" is-config="true" duration-ms="38565" started-at="2017-04-24T12:05:18Z" finished-at="2017-04-24T12:05:57Z">
          <reporter-output>
          </reporter-output>
        </test-method> <!-- beforeSuite -->
        <test-method status="PASS" signature="backgroundImageTest()[pri:0, instance:com.klindziuk.protesting.BackgroundTest@edf4efb]" name="backgroundImageTest" duration-ms="9021" started-at="2017-04-24T12:05:57Z" finished-at="2017-04-24T12:06:06Z">
          <reporter-output>
          </reporter-output>
        </test-method> <!-- backgroundImageTest -->
        <test-method status="PASS" signature="afterSuite()[pri:0, instance:com.klindziuk.protesting.BackgroundTest@edf4efb]" name="afterSuite" is-config="true" duration-ms="9350" started-at="2017-04-24T12:06:28Z" finished-at="2017-04-24T12:06:37Z">
          <reporter-output>
          </reporter-output>
        </test-method> <!-- afterSuite -->
        <test-method status="PASS" signature="afterSuite()[pri:0, instance:com.klindziuk.protesting.ProtestingFacebookMessage@3d24753a]" name="afterSuite" is-config="true" duration-ms="3332" started-at="2017-04-24T12:06:37Z" finished-at="2017-04-24T12:06:40Z">
          <reporter-output>
          </reporter-output>
        </test-method> <!-- afterSuite -->
      </class> <!-- com.klindziuk.protesting.BackgroundTest -->
      <class name="com.klindziuk.protesting.ProtestingFacebookMessage">
        <test-method status="PASS" signature="beforeSuite()[pri:0, instance:com.klindziuk.protesting.ProtestingFacebookMessage@3d24753a]" name="beforeSuite" is-config="true" duration-ms="39803" started-at="2017-04-24T12:05:18Z" finished-at="2017-04-24T12:05:58Z">
          <reporter-output>
          </reporter-output>
        </test-method> <!-- beforeSuite -->
        <test-method status="PASS" signature="FacebookMessage()[pri:0, instance:com.klindziuk.protesting.ProtestingFacebookMessage@3d24753a]" name="FacebookMessage" duration-ms="29653" started-at="2017-04-24T12:05:58Z" finished-at="2017-04-24T12:06:28Z">
          <reporter-output>
          </reporter-output>
        </test-method> <!-- FacebookMessage -->
      </class> <!-- com.klindziuk.protesting.ProtestingFacebookMessage -->
    </test> <!-- BackgroundTest -->
  </suite> <!-- Suite -->
</testng-results>
