<?xml version="1.0" encoding="UTF-8"?>
<testsuite name="TestSuite" time="29.906" tests="5" errors="0" skipped="3" failures="2">
  <properties>
[...]
</properties>
  <testcase name="beforeSuite" classname="com.klindziuk.protesting.BackgroundTest" time="2.618">
    <failure message="javax.mail.AuthenticationFailedException: 454 4.7.0 Too many login attempts, please try again later. t26sm1221078lja.25 - gsmtp&#10;" type="java.lang.RuntimeException">java.lang.RuntimeException: javax.mail.AuthenticationFailedException: 454 4.7.0 Too many login attempts, please try again later. t26sm1221078lja.25 - gsmtp

	at com.sun.mail.smtp.SMTPTransport$Authenticator.authenticate(SMTPTransport.java:823)
	at com.sun.mail.smtp.SMTPTransport.authenticate(SMTPTransport.java:756)
	at com.sun.mail.smtp.SMTPTransport.protocolConnect(SMTPTransport.java:673)
	at javax.mail.Service.connect(Service.java:317)
	at javax.mail.Service.connect(Service.java:176)
	at javax.mail.Service.connect(Service.java:125)
	at javax.mail.Transport.send0(Transport.java:194)
	at javax.mail.Transport.send(Transport.java:124)
	at com.klindziuk.protesting.util.Mail.sendMail(Mail.java:40)
	at com.klindziuk.protesting.BackgroundTest.beforeSuite(BackgroundTest.java:26)
</failure>
    <system-err>Starting ChromeDriver 2.28.455520 (cc17746adff54984afff480136733114c6b3704b) on port 30222
Only local connections are allowed.
</system-err>
  </testcase>
  <testcase name="backgroundImageTest" classname="com.klindziuk.protesting.BackgroundTest" time="0">
    <skipped/>
  </testcase>
  <testcase name="FacebookMessage" classname="com.klindziuk.protesting.ProtestingFacebookMessage" time="27.288">
    <failure message="Timed out after 5 seconds waiting for visibility of element located by By.id: expanding_cta_close_button&#10;Build info: version: &apos;3.3.1&apos;, revision: &apos;5234b325d5&apos;, time: &apos;2017-03-10 09:10:29 +0000&apos;&#10;System info: host: &apos;PK&apos;, ip: &apos;192.168.1.2&apos;, os.name: &apos;Windows 7&apos;, os.arch: &apos;amd64&apos;, os.version: &apos;6.1&apos;, java.version: &apos;1.8.0_51&apos;&#10;Driver info: org.openqa.selenium.chrome.ChromeDriver&#10;Capabilities [{applicationCacheEnabled=false, rotatable=false, mobileEmulationEnabled=false, networkConnectionEnabled=false, chrome={chromedriverVersion=2.28.455520 (cc17746adff54984afff480136733114c6b3704b), userDataDir=C:\Windows\TEMP\scoped_dir1944_32523}, takesHeapSnapshot=true, pageLoadStrategy=normal, databaseEnabled=false, handlesAlerts=true, hasTouchScreen=false, version=57.0.2987.133, platform=XP, browserConnectionEnabled=false, nativeEvents=true, acceptSslCerts=true, locationContextEnabled=true, webStorageEnabled=true, browserName=chrome, takesScreenshot=true, javascriptEnabled=true, cssSelectorsEnabled=true, unexpectedAlertBehaviour=}]&#10;Session ID: 70dc810b2dc46a1cc9920e75c4742e73" type="org.openqa.selenium.TimeoutException">org.openqa.selenium.TimeoutException: Timed out after 5 seconds waiting for visibility of element located by By.id: expanding_cta_close_button
Build info: version: '3.3.1', revision: '5234b325d5', time: '2017-03-10 09:10:29 +0000'
System info: host: 'PK', ip: '192.168.1.2', os.name: 'Windows 7', os.arch: 'amd64', os.version: '6.1', java.version: '1.8.0_51'
Driver info: org.openqa.selenium.chrome.ChromeDriver
Capabilities [{applicationCacheEnabled=false, rotatable=false, mobileEmulationEnabled=false, networkConnectionEnabled=false, chrome={chromedriverVersion=2.28.455520 (cc17746adff54984afff480136733114c6b3704b), userDataDir=C:\Windows\TEMP\scoped_dir1944_32523}, takesHeapSnapshot=true, pageLoadStrategy=normal, databaseEnabled=false, handlesAlerts=true, hasTouchScreen=false, version=57.0.2987.133, platform=XP, browserConnectionEnabled=false, nativeEvents=true, acceptSslCerts=true, locationContextEnabled=true, webStorageEnabled=true, browserName=chrome, takesScreenshot=true, javascriptEnabled=true, cssSelectorsEnabled=true, unexpectedAlertBehaviour=}]
Session ID: 70dc810b2dc46a1cc9920e75c4742e73
	at org.openqa.selenium.support.ui.WebDriverWait.timeoutException(WebDriverWait.java:80)
	at org.openqa.selenium.support.ui.FluentWait.until(FluentWait.java:229)
	at com.klindziuk.protesting.page.FacebookPage.waitFor(FacebookPage.java:62)
	at com.klindziuk.protesting.page.FacebookPage.cancelClick(FacebookPage.java:34)
	at com.klindziuk.protesting.ProtestingFacebookMessage.FacebookMessage(ProtestingFacebookMessage.java:37)
</failure>
    <system-err>мая 01, 2017 3:12:49 PM org.openqa.selenium.remote.ProtocolHandshake createSession
INFO: Detected dialect: OSS
</system-err>
  </testcase>
  <testcase name="afterSuite" classname="com.klindziuk.protesting.BackgroundTest" time="0">
    <skipped/>
  </testcase>
  <testcase name="afterSuite" classname="com.klindziuk.protesting.BackgroundTest" time="0">
    <skipped/>
  </testcase>
</testsuite>